<?xml version="1.0" encoding="UTF-8"?>
<!-- Generated by org.testng.reporters.JUnitReportReporter -->
<testsuite hostname="DESKTOP-J7DNQ9P" failures="0" tests="1" name="TestCases.TC_Register_002" time="16.423" errors="0" timestamp="2023-11-23T17:49:11 IST" skipped="0">
  <testcase classname="TestCases.TC_Register_002" name="RegisterTest" time="16.423"/>
</testsuite> <!-- TestCases.TC_Register_002 -->
